<?xml version="1.0" encoding="UTF-8"?>
<!-- Generated by org.testng.reporters.JUnitXMLReporter -->
<testsuite hostname="admin-PC" ignored="0" name="Test" tests="1" failures="1" timestamp="07 Dec 2019 13:38:32 GMT" time="0.03" errors="0">
  <testcase name="Login" time="0.0" classname="myApplication.ParameterTest">
    <failure type="org.testng.TestNGException" message="
Parameter &amp;apos;url&amp;apos; is required by @Test on method Login but has not been marked @Optional or defined
in C:\Users\admin\eclipse-workspace\myApplication\testng.xml">
      <![CDATA[org.testng.TestNGException: 
Parameter 'url' is required by @Test on method Login but has not been marked @Optional or defined
in C:\Users\admin\eclipse-workspace\myApplication\testng.xml
... Removed 24 stack frames]]>
    </failure>
  </testcase> <!-- Login -->
</testsuite> <!-- Test -->
